2025-09-11 04:29:23,427 - INFO - PPE檢測系統啟動
2025-09-11 04:29:23,428 - INFO - 檢測到人員，進入第一階段
2025-09-11 04:29:24,484 - ERROR - 第一階段失敗 - 請檢查安全帽和護目鏡
2025-09-11 04:29:25,535 - INFO - ✅ 第一階段通過 - 安全帽和護目鏡
2025-09-11 04:29:26,586 - ERROR - 第二階段失敗 - 請檢查手套和安全靴
2025-09-11 04:29:27,639 - ERROR - 第二階段失敗 - 請檢查手套和安全靴
2025-09-11 04:29:28,688 - ERROR - 第二階段失敗 - 請檢查手套和安全靴
2025-09-11 04:29:29,736 - ERROR - 第二階段失敗 - 請檢查手套和安全靴
2025-09-11 04:29:30,786 - ERROR - 第二階段失敗 - 請檢查手套和安全靴
2025-09-11 04:29:31,835 - ERROR - 第二階段失敗 - 請檢查手套和安全靴
2025-09-11 04:29:32,887 - ERROR - 第二階段失敗 - 請檢查手套和安全靴
2025-09-11 04:29:33,937 - ERROR - 第二階段失敗 - 請檢查手套和安全靴
2025-09-11 04:29:34,989 - ERROR - 第二階段失敗 - 請檢查手套和安全靴
2025-09-11 04:29:36,037 - ERROR - 第二階段失敗 - 請檢查手套和安全靴
2025-09-11 04:29:37,085 - ERROR - 第二階段失敗 - 請檢查手套和安全靴
2025-09-11 04:29:38,136 - ERROR - 第二階段失敗 - 請檢查手套和安全靴
2025-09-11 04:29:39,186 - ERROR - 第二階段失敗 - 請檢查手套和安全靴
2025-09-11 04:29:40,230 - ERROR - 第二階段失敗 - 請檢查手套和安全靴
2025-09-11 04:29:41,279 - ERROR - 第二階段失敗 - 請檢查手套和安全靴
2025-09-11 04:29:42,327 - ERROR - 第二階段失敗 - 請檢查手套和安全靴
2025-09-11 04:29:43,378 - ERROR - 第二階段失敗 - 請檢查手套和安全靴
2025-09-11 04:29:44,428 - ERROR - 第二階段失敗 - 請檢查手套和安全靴
2025-09-11 04:29:45,476 - INFO - ✅ 第二階段通過 - 手套和安全靴
2025-09-11 04:29:46,523 - ERROR - 第三階段失敗 - 請檢查防護衣和防護面罩
2025-09-11 04:29:47,575 - ERROR - 第三階段失敗 - 請檢查防護衣和防護面罩
2025-09-11 04:29:48,624 - ERROR - 第三階段失敗 - 請檢查防護衣和防護面罩
2025-09-11 04:29:49,678 - ERROR - 第三階段失敗 - 請檢查防護衣和防護面罩
2025-09-11 04:29:50,729 - ERROR - 第三階段失敗 - 請檢查防護衣和防護面罩
2025-09-11 04:29:51,780 - ERROR - 第三階段失敗 - 請檢查防護衣和防護面罩
2025-09-11 04:29:52,830 - ERROR - 第三階段失敗 - 請檢查防護衣和防護面罩
2025-09-11 04:29:53,875 - ERROR - 第三階段失敗 - 請檢查防護衣和防護面罩
2025-09-11 04:29:54,929 - ERROR - 第三階段失敗 - 請檢查防護衣和防護面罩
2025-09-11 04:29:55,984 - ERROR - 第三階段失敗 - 請檢查防護衣和防護面罩
2025-09-11 04:29:57,033 - ERROR - 第三階段失敗 - 請檢查防護衣和防護面罩
2025-09-11 04:29:58,083 - ERROR - 第三階段失敗 - 請檢查防護衣和防護面罩
2025-09-11 04:29:59,136 - ERROR - 第三階段失敗 - 請檢查防護衣和防護面罩
2025-09-11 04:30:00,186 - ERROR - 第三階段失敗 - 請檢查防護衣和防護面罩
2025-09-11 04:30:01,238 - ERROR - 第三階段失敗 - 請檢查防護衣和防護面罩
2025-09-11 04:30:02,289 - ERROR - 第三階段失敗 - 請檢查防護衣和防護面罩
2025-09-11 04:30:03,349 - ERROR - 第三階段失敗 - 請檢查防護衣和防護面罩
2025-09-11 04:30:04,407 - ERROR - 第三階段失敗 - 請檢查防護衣和防護面罩
2025-09-11 04:30:05,457 - INFO - ✅ 第三階段通過 - 防護衣和防護面罩
2025-09-11 04:30:05,457 - INFO - ✅ 🎉 所有PPE檢測完成！可以進入工作區域
2025-09-11 04:30:35,960 - INFO - 系統重置: 完成檢查30秒後，系統重置
2025-09-11 04:30:55,917 - INFO - 檢測到人員，進入第一階段
2025-09-11 04:30:56,966 - ERROR - 第一階段失敗 - 請檢查安全帽和護目鏡
2025-09-11 04:30:58,018 - ERROR - 第一階段失敗 - 請檢查安全帽和護目鏡
2025-09-11 04:30:59,072 - ERROR - 第一階段失敗 - 請檢查安全帽和護目鏡
2025-09-11 04:31:00,120 - ERROR - 第一階段失敗 - 請檢查安全帽和護目鏡
2025-09-11 04:31:01,174 - ERROR - 第一階段失敗 - 請檢查安全帽和護目鏡
2025-09-11 04:31:02,228 - ERROR - 第一階段失敗 - 請檢查安全帽和護目鏡
2025-09-11 04:31:03,275 - ERROR - 第一階段失敗 - 請檢查安全帽和護目鏡
2025-09-11 04:31:04,327 - ERROR - 第一階段失敗 - 請檢查安全帽和護目鏡
2025-09-11 04:31:05,379 - ERROR - 第一階段失敗 - 請檢查安全帽和護目鏡
2025-09-11 04:31:06,429 - ERROR - 第一階段失敗 - 請檢查安全帽和護目鏡
2025-09-11 04:31:07,485 - ERROR - 第一階段失敗 - 請檢查安全帽和護目鏡
2025-09-11 04:31:08,539 - ERROR - 第一階段失敗 - 請檢查安全帽和護目鏡
2025-09-11 04:31:09,593 - ERROR - 第一階段失敗 - 請檢查安全帽和護目鏡
2025-09-11 04:31:10,644 - ERROR - 第一階段失敗 - 請檢查安全帽和護目鏡
2025-09-11 04:31:11,698 - ERROR - 第一階段失敗 - 請檢查安全帽和護目鏡
2025-09-11 04:31:12,750 - ERROR - 第一階段失敗 - 請檢查安全帽和護目鏡
2025-09-11 04:31:13,793 - ERROR - 第一階段失敗 - 請檢查安全帽和護目鏡
2025-09-11 04:31:14,846 - ERROR - 第一階段失敗 - 請檢查安全帽和護目鏡
2025-09-11 04:31:15,896 - INFO - ✅ 第一階段通過 - 安全帽和護目鏡
2025-09-11 04:31:16,949 - ERROR - 第二階段失敗 - 請檢查手套和安全靴
2025-09-11 04:31:18,003 - ERROR - 第二階段失敗 - 請檢查手套和安全靴
2025-09-11 04:31:19,050 - ERROR - 第二階段失敗 - 請檢查手套和安全靴
2025-09-11 04:31:20,088 - ERROR - 第二階段失敗 - 請檢查手套和安全靴
2025-09-11 04:31:21,133 - ERROR - 第二階段失敗 - 請檢查手套和安全靴
2025-09-11 04:31:22,175 - ERROR - 第二階段失敗 - 請檢查手套和安全靴
2025-09-11 04:31:23,227 - ERROR - 第二階段失敗 - 請檢查手套和安全靴
2025-09-11 04:31:24,280 - ERROR - 第二階段失敗 - 請檢查手套和安全靴
2025-09-11 04:31:25,332 - ERROR - 第二階段失敗 - 請檢查手套和安全靴
2025-09-11 04:31:26,389 - ERROR - 第二階段失敗 - 請檢查手套和安全靴
2025-09-11 04:31:27,442 - ERROR - 第二階段失敗 - 請檢查手套和安全靴
2025-09-11 04:31:28,486 - ERROR - 第二階段失敗 - 請檢查手套和安全靴
2025-09-11 04:31:29,536 - ERROR - 第二階段失敗 - 請檢查手套和安全靴
2025-09-11 04:31:30,590 - ERROR - 第二階段失敗 - 請檢查手套和安全靴
2025-09-11 04:31:31,643 - ERROR - 第二階段失敗 - 請檢查手套和安全靴
2025-09-11 04:31:32,695 - ERROR - 第二階段失敗 - 請檢查手套和安全靴
2025-09-11 04:31:33,742 - ERROR - 第二階段失敗 - 請檢查手套和安全靴
2025-09-11 04:31:34,794 - ERROR - 第二階段失敗 - 請檢查手套和安全靴
2025-09-11 04:31:35,843 - INFO - ✅ 第二階段通過 - 手套和安全靴
2025-09-11 04:31:36,893 - ERROR - 第三階段失敗 - 請檢查防護衣和防護面罩
2025-09-11 04:31:37,947 - ERROR - 第三階段失敗 - 請檢查防護衣和防護面罩
2025-09-11 04:31:38,997 - ERROR - 第三階段失敗 - 請檢查防護衣和防護面罩
2025-09-11 04:31:40,061 - ERROR - 第三階段失敗 - 請檢查防護衣和防護面罩
2025-09-11 04:31:41,114 - ERROR - 第三階段失敗 - 請檢查防護衣和防護面罩
2025-09-11 04:31:42,166 - ERROR - 第三階段失敗 - 請檢查防護衣和防護面罩
2025-09-11 04:31:43,219 - ERROR - 第三階段失敗 - 請檢查防護衣和防護面罩
2025-09-11 04:31:44,271 - ERROR - 第三階段失敗 - 請檢查防護衣和防護面罩
2025-09-11 04:31:45,323 - ERROR - 第三階段失敗 - 請檢查防護衣和防護面罩
2025-09-11 04:31:46,375 - ERROR - 第三階段失敗 - 請檢查防護衣和防護面罩
2025-09-11 04:31:47,426 - ERROR - 第三階段失敗 - 請檢查防護衣和防護面罩
2025-09-11 04:31:48,477 - ERROR - 第三階段失敗 - 請檢查防護衣和防護面罩
2025-09-11 04:31:49,529 - ERROR - 第三階段失敗 - 請檢查防護衣和防護面罩
2025-09-11 04:31:50,580 - ERROR - 第三階段失敗 - 請檢查防護衣和防護面罩
2025-09-11 04:31:51,634 - ERROR - 第三階段失敗 - 請檢查防護衣和防護面罩
2025-09-11 04:31:52,682 - ERROR - 第三階段失敗 - 請檢查防護衣和防護面罩
2025-09-11 04:31:53,732 - ERROR - 第三階段失敗 - 請檢查防護衣和防護面罩
2025-09-11 04:31:54,780 - ERROR - 第三階段失敗 - 請檢查防護衣和防護面罩
2025-09-11 04:31:55,831 - INFO - ✅ 第三階段通過 - 防護衣和防護面罩
2025-09-11 04:31:55,831 - INFO - ✅ 🎉 所有PPE檢測完成！可以進入工作區域
2025-09-11 04:32:26,266 - INFO - 系統重置: 完成檢查30秒後，系統重置
2025-09-11 04:32:33,229 - INFO - PPE檢測系統啟動
2025-09-11 04:32:48,384 - INFO - 檢測到人員，進入第一階段
2025-09-11 04:32:53,438 - ERROR - 第一階段失敗 - 請檢查安全帽和護目鏡
2025-09-11 04:32:58,492 - ERROR - 第一階段失敗 - 請檢查安全帽和護目鏡
2025-09-11 04:33:03,537 - ERROR - 第一階段失敗 - 請檢查安全帽和護目鏡
2025-09-11 04:33:08,590 - INFO - ✅ 第一階段通過 - 安全帽和護目鏡
2025-09-11 04:33:13,644 - ERROR - 第二階段失敗 - 請檢查手套和安全靴
2025-09-11 04:33:18,697 - ERROR - 第二階段失敗 - 請檢查手套和安全靴
2025-09-11 04:33:23,747 - ERROR - 第二階段失敗 - 請檢查手套和安全靴
2025-09-11 04:33:28,801 - INFO - ✅ 第二階段通過 - 手套和安全靴
2025-09-11 04:33:33,851 - ERROR - 第三階段失敗 - 請檢查防護衣和防護面罩
2025-09-11 04:33:38,901 - ERROR - 第三階段失敗 - 請檢查防護衣和防護面罩
2025-09-11 04:33:43,949 - ERROR - 第三階段失敗 - 請檢查防護衣和防護面罩
2025-09-11 04:33:48,999 - INFO - ✅ 第三階段通過 - 防護衣和防護面罩
2025-09-11 04:33:48,999 - INFO - ✅ 🎉 所有PPE檢測完成！可以進入工作區域
2025-09-11 04:34:19,299 - INFO - 系統重置: 完成檢查30秒後，系統重置
2025-09-11 04:34:39,508 - INFO - 檢測到人員，進入第一階段
2025-09-11 04:34:44,560 - ERROR - 第一階段失敗 - 請檢查安全帽和護目鏡
2025-09-11 04:34:49,609 - ERROR - 第一階段失敗 - 請檢查安全帽和護目鏡
2025-09-11 04:34:54,659 - ERROR - 第一階段失敗 - 請檢查安全帽和護目鏡
2025-09-11 04:34:59,708 - INFO - ✅ 第一階段通過 - 安全帽和護目鏡
2025-09-11 04:35:04,760 - ERROR - 第二階段失敗 - 請檢查手套和安全靴
2025-09-11 04:35:09,809 - ERROR - 第二階段失敗 - 請檢查手套和安全靴
2025-09-11 04:35:14,861 - ERROR - 第二階段失敗 - 請檢查手套和安全靴
2025-09-11 04:35:19,922 - INFO - ✅ 第二階段通過 - 手套和安全靴
2025-09-11 04:35:24,976 - ERROR - 第三階段失敗 - 請檢查防護衣和防護面罩
2025-09-11 04:35:30,019 - ERROR - 第三階段失敗 - 請檢查防護衣和防護面罩
2025-09-11 04:35:35,074 - ERROR - 第三階段失敗 - 請檢查防護衣和防護面罩
2025-09-11 04:35:40,127 - INFO - ✅ 第三階段通過 - 防護衣和防護面罩
2025-09-11 04:35:40,127 - INFO - ✅ 🎉 所有PPE檢測完成！可以進入工作區域
2025-09-11 04:36:10,423 - INFO - 系統重置: 完成檢查30秒後，系統重置
2025-09-11 04:36:25,571 - INFO - 檢測到人員，進入第一階段
2025-09-11 04:36:30,619 - ERROR - 第一階段失敗 - 請檢查安全帽和護目鏡
2025-09-11 04:36:35,671 - ERROR - 第一階段失敗 - 請檢查安全帽和護目鏡
2025-09-11 04:36:40,722 - ERROR - 第一階段失敗 - 請檢查安全帽和護目鏡
2025-09-11 04:36:45,775 - INFO - ✅ 第一階段通過 - 安全帽和護目鏡
2025-09-11 04:36:50,826 - ERROR - 第二階段失敗 - 請檢查手套和安全靴
2025-09-11 04:36:55,879 - ERROR - 第二階段失敗 - 請檢查手套和安全靴
2025-09-11 04:37:00,930 - ERROR - 第二階段失敗 - 請檢查手套和安全靴
2025-09-11 04:37:05,982 - INFO - ✅ 第二階段通過 - 手套和安全靴
2025-09-11 04:37:11,028 - ERROR - 第三階段失敗 - 請檢查防護衣和防護面罩
2025-09-11 04:37:16,080 - ERROR - 第三階段失敗 - 請檢查防護衣和防護面罩
2025-09-11 04:37:21,137 - ERROR - 第三階段失敗 - 請檢查防護衣和防護面罩
2025-09-11 04:37:26,177 - INFO - ✅ 第三階段通過 - 防護衣和防護面罩
2025-09-11 04:37:26,177 - INFO - ✅ 🎉 所有PPE檢測完成！可以進入工作區域
2025-09-11 04:37:48,896 - INFO - PPE檢測系統啟動
2025-09-11 04:37:48,896 - INFO - 檢測到人員，進入第一階段
2025-09-11 04:37:53,954 - INFO - ✅ 第一階段通過 - 安全帽和護目鏡
2025-09-11 04:37:59,010 - ERROR - 第二階段失敗 - 請檢查手套和安全靴
2025-09-11 04:38:04,061 - ERROR - 第二階段失敗 - 請檢查手套和安全靴
2025-09-11 04:38:09,110 - ERROR - 第二階段失敗 - 請檢查手套和安全靴
2025-09-11 04:38:14,164 - ERROR - 第二階段失敗 - 請檢查手套和安全靴
2025-09-11 04:38:19,209 - ERROR - 第二階段失敗 - 請檢查手套和安全靴
2025-09-11 04:38:24,271 - ERROR - 第二階段失敗 - 請檢查手套和安全靴
2025-09-11 04:38:29,324 - ERROR - 第二階段失敗 - 請檢查手套和安全靴
2025-09-11 04:38:34,371 - ERROR - 第二階段失敗 - 請檢查手套和安全靴
2025-09-11 04:38:39,435 - ERROR - 第二階段失敗 - 請檢查手套和安全靴
2025-09-11 04:38:44,486 - ERROR - 第二階段失敗 - 請檢查手套和安全靴
2025-09-11 04:38:49,542 - ERROR - 第二階段失敗 - 請檢查手套和安全靴
2025-09-11 04:38:54,601 - ERROR - 第二階段失敗 - 請檢查手套和安全靴
2025-09-11 04:38:59,654 - INFO - ✅ 第二階段通過 - 手套和安全靴
2025-09-11 04:39:04,709 - ERROR - 第三階段失敗 - 請檢查防護衣和防護面罩
2025-09-11 04:39:09,757 - ERROR - 第三階段失敗 - 請檢查防護衣和防護面罩
2025-09-11 04:39:14,810 - ERROR - 第三階段失敗 - 請檢查防護衣和防護面罩
2025-09-11 04:39:19,863 - INFO - ✅ 第三階段通過 - 防護衣和防護面罩
2025-09-11 04:39:19,864 - INFO - ✅ 🎉 所有PPE檢測完成！可以進入工作區域
2025-09-11 04:39:50,176 - INFO - 系統重置: 完成檢查30秒後，系統重置
2025-09-11 04:40:10,383 - INFO - 檢測到人員，進入第一階段
2025-09-11 04:40:15,440 - ERROR - 第一階段失敗 - 請檢查安全帽和護目鏡
2025-09-11 04:40:20,491 - ERROR - 第一階段失敗 - 請檢查安全帽和護目鏡
2025-09-11 04:40:25,544 - INFO - ✅ 第一階段通過 - 安全帽和護目鏡
2025-09-11 04:40:30,600 - ERROR - 第二階段失敗 - 請檢查手套和安全靴
2025-09-11 04:40:35,653 - ERROR - 第二階段失敗 - 請檢查手套和安全靴
2025-09-11 04:40:40,703 - ERROR - 第二階段失敗 - 請檢查手套和安全靴
2025-09-11 04:40:45,755 - INFO - ✅ 第二階段通過 - 手套和安全靴
2025-09-11 04:40:50,807 - ERROR - 第三階段失敗 - 請檢查防護衣和防護面罩
2025-09-11 04:40:55,857 - ERROR - 第三階段失敗 - 請檢查防護衣和防護面罩
2025-09-11 04:41:00,907 - ERROR - 第三階段失敗 - 請檢查防護衣和防護面罩
2025-09-11 04:41:05,976 - INFO - ✅ 第三階段通過 - 防護衣和防護面罩
2025-09-11 04:41:05,976 - INFO - ✅ 🎉 所有PPE檢測完成！可以進入工作區域
2025-09-11 04:41:36,277 - INFO - 系統重置: 完成檢查30秒後，系統重置
2025-09-11 04:41:56,486 - INFO - 檢測到人員，進入第一階段
2025-09-11 04:42:01,537 - ERROR - 第一階段失敗 - 請檢查安全帽和護目鏡
2025-09-11 04:42:06,580 - ERROR - 第一階段失敗 - 請檢查安全帽和護目鏡
2025-09-11 04:42:11,629 - ERROR - 第一階段失敗 - 請檢查安全帽和護目鏡
2025-09-11 04:42:16,679 - INFO - ✅ 第一階段通過 - 安全帽和護目鏡
2025-09-11 04:42:21,729 - ERROR - 第二階段失敗 - 請檢查手套和安全靴
2025-09-11 04:42:26,777 - ERROR - 第二階段失敗 - 請檢查手套和安全靴
2025-09-11 04:42:31,822 - ERROR - 第二階段失敗 - 請檢查手套和安全靴
2025-09-11 04:42:36,874 - INFO - ✅ 第二階段通過 - 手套和安全靴
2025-09-11 04:42:41,922 - ERROR - 第三階段失敗 - 請檢查防護衣和防護面罩
2025-09-11 04:42:46,970 - ERROR - 第三階段失敗 - 請檢查防護衣和防護面罩
2025-09-11 04:42:52,017 - ERROR - 第三階段失敗 - 請檢查防護衣和防護面罩
2025-09-11 04:42:57,068 - INFO - ✅ 第三階段通過 - 防護衣和防護面罩
2025-09-11 04:42:57,068 - INFO - ✅ 🎉 所有PPE檢測完成！可以進入工作區域
2025-09-11 04:43:27,399 - INFO - 系統重置: 完成檢查30秒後，系統重置
2025-09-11 04:43:47,598 - INFO - 檢測到人員，進入第一階段
2025-09-11 04:43:52,651 - ERROR - 第一階段失敗 - 請檢查安全帽和護目鏡
2025-09-11 04:43:57,700 - ERROR - 第一階段失敗 - 請檢查安全帽和護目鏡
2025-09-11 04:44:02,752 - ERROR - 第一階段失敗 - 請檢查安全帽和護目鏡
2025-09-11 04:44:07,802 - INFO - ✅ 第一階段通過 - 安全帽和護目鏡
2025-09-11 04:44:12,858 - ERROR - 第二階段失敗 - 請檢查手套和安全靴
2025-09-11 04:44:17,914 - ERROR - 第二階段失敗 - 請檢查手套和安全靴
2025-09-11 04:44:22,955 - ERROR - 第二階段失敗 - 請檢查手套和安全靴
2025-09-11 04:44:28,002 - INFO - ✅ 第二階段通過 - 手套和安全靴
2025-09-11 04:44:33,057 - ERROR - 第三階段失敗 - 請檢查防護衣和防護面罩
2025-09-11 04:44:38,109 - ERROR - 第三階段失敗 - 請檢查防護衣和防護面罩
2025-09-11 04:44:43,163 - ERROR - 第三階段失敗 - 請檢查防護衣和防護面罩
2025-09-11 04:44:48,213 - INFO - ✅ 第三階段通過 - 防護衣和防護面罩
2025-09-11 04:44:48,214 - INFO - ✅ 🎉 所有PPE檢測完成！可以進入工作區域
2025-09-11 04:45:18,516 - INFO - 系統重置: 完成檢查30秒後，系統重置
2025-09-11 04:45:38,720 - INFO - 檢測到人員，進入第一階段
2025-09-11 04:45:43,773 - ERROR - 第一階段失敗 - 請檢查安全帽和護目鏡
2025-09-11 04:45:48,822 - ERROR - 第一階段失敗 - 請檢查安全帽和護目鏡
2025-09-11 04:45:53,876 - ERROR - 第一階段失敗 - 請檢查安全帽和護目鏡
2025-09-11 04:45:58,927 - INFO - ✅ 第一階段通過 - 安全帽和護目鏡
2025-09-11 04:46:03,980 - ERROR - 第二階段失敗 - 請檢查手套和安全靴
2025-09-11 04:46:09,029 - ERROR - 第二階段失敗 - 請檢查手套和安全靴
2025-09-11 04:46:14,084 - ERROR - 第二階段失敗 - 請檢查手套和安全靴
2025-09-11 04:46:19,137 - INFO - ✅ 第二階段通過 - 手套和安全靴
2025-09-11 04:46:24,189 - ERROR - 第三階段失敗 - 請檢查防護衣和防護面罩
2025-09-11 04:46:29,244 - ERROR - 第三階段失敗 - 請檢查防護衣和防護面罩
2025-09-11 04:46:34,299 - ERROR - 第三階段失敗 - 請檢查防護衣和防護面罩
2025-09-11 04:46:39,353 - INFO - ✅ 第三階段通過 - 防護衣和防護面罩
2025-09-11 04:46:39,353 - INFO - ✅ 🎉 所有PPE檢測完成！可以進入工作區域
2025-09-11 04:47:09,656 - INFO - 系統重置: 完成檢查30秒後，系統重置
2025-09-11 04:47:41,369 - INFO - PPE檢測系統啟動
2025-09-11 04:47:41,370 - INFO - 檢測到人員，進入第一階段
2025-09-11 04:47:46,416 - INFO - ✅ 第一階段通過 - 安全帽和護目鏡
2025-09-11 04:47:51,471 - ERROR - 第二階段失敗 - 請檢查手套和安全靴
2025-09-11 04:47:56,521 - ERROR - 第二階段失敗 - 請檢查手套和安全靴
2025-09-11 04:48:01,572 - ERROR - 第二階段失敗 - 請檢查手套和安全靴
2025-09-11 04:48:06,638 - INFO - ✅ 第二階段通過 - 手套和安全靴
2025-09-11 04:48:11,690 - ERROR - 第三階段失敗 - 請檢查防護衣和防護面罩
2025-09-11 04:48:16,740 - ERROR - 第三階段失敗 - 請檢查防護衣和防護面罩
2025-09-11 04:48:21,792 - ERROR - 第三階段失敗 - 請檢查防護衣和防護面罩
2025-09-11 04:48:26,843 - INFO - ✅ 第三階段通過 - 防護衣和防護面罩
2025-09-11 04:48:26,843 - INFO - ✅ 🎉 所有PPE檢測完成！可以進入工作區域
2025-09-11 04:48:57,152 - INFO - 系統重置: 完成檢查30秒後，系統重置
2025-09-11 04:49:17,352 - INFO - 檢測到人員，進入第一階段
2025-09-11 04:49:22,404 - ERROR - 第一階段失敗 - 請檢查安全帽和護目鏡
2025-09-11 04:49:27,450 - ERROR - 第一階段失敗 - 請檢查安全帽和護目鏡
2025-09-11 04:49:32,498 - ERROR - 第一階段失敗 - 請檢查安全帽和護目鏡
2025-09-11 04:49:37,549 - INFO - ✅ 第一階段通過 - 安全帽和護目鏡
2025-09-11 04:49:42,597 - ERROR - 第二階段失敗 - 請檢查手套和安全靴
2025-09-11 04:49:47,653 - ERROR - 第二階段失敗 - 請檢查手套和安全靴
2025-09-11 04:49:52,712 - ERROR - 第二階段失敗 - 請檢查手套和安全靴
2025-09-11 04:49:57,765 - INFO - ✅ 第二階段通過 - 手套和安全靴
2025-09-11 04:50:02,812 - ERROR - 第三階段失敗 - 請檢查防護衣和防護面罩
2025-09-11 04:50:07,871 - ERROR - 第三階段失敗 - 請檢查防護衣和防護面罩
2025-09-11 04:50:12,922 - ERROR - 第三階段失敗 - 請檢查防護衣和防護面罩
2025-09-11 04:50:17,971 - INFO - ✅ 第三階段通過 - 防護衣和防護面罩
2025-09-11 04:50:17,971 - INFO - ✅ 🎉 所有PPE檢測完成！可以進入工作區域
2025-09-11 04:50:48,276 - INFO - 系統重置: 完成檢查30秒後，系統重置
2025-09-11 04:51:08,479 - INFO - 檢測到人員，進入第一階段
2025-09-11 04:51:13,523 - ERROR - 第一階段失敗 - 請檢查安全帽和護目鏡
2025-09-11 04:51:18,570 - ERROR - 第一階段失敗 - 請檢查安全帽和護目鏡
2025-09-11 04:51:23,623 - ERROR - 第一階段失敗 - 請檢查安全帽和護目鏡
2025-09-11 04:51:28,680 - INFO - ✅ 第一階段通過 - 安全帽和護目鏡
2025-09-11 04:51:33,739 - ERROR - 第二階段失敗 - 請檢查手套和安全靴
2025-09-11 04:51:38,795 - ERROR - 第二階段失敗 - 請檢查手套和安全靴
2025-09-11 04:51:43,849 - ERROR - 第二階段失敗 - 請檢查手套和安全靴
2025-09-11 04:51:48,899 - INFO - ✅ 第二階段通過 - 手套和安全靴
2025-09-11 04:51:53,947 - ERROR - 第三階段失敗 - 請檢查防護衣和防護面罩
2025-09-11 04:51:59,001 - ERROR - 第三階段失敗 - 請檢查防護衣和防護面罩
2025-09-11 04:52:04,057 - ERROR - 第三階段失敗 - 請檢查防護衣和防護面罩
2025-09-11 04:52:09,110 - INFO - ✅ 第三階段通過 - 防護衣和防護面罩
2025-09-11 04:52:09,110 - INFO - ✅ 🎉 所有PPE檢測完成！可以進入工作區域
2025-09-11 04:52:39,430 - INFO - 系統重置: 完成檢查30秒後，系統重置
2025-09-11 04:52:59,630 - INFO - 檢測到人員，進入第一階段
2025-09-11 04:53:04,681 - ERROR - 第一階段失敗 - 請檢查安全帽和護目鏡
2025-09-11 04:53:09,737 - ERROR - 第一階段失敗 - 請檢查安全帽和護目鏡
2025-09-11 04:53:14,792 - ERROR - 第一階段失敗 - 請檢查安全帽和護目鏡
2025-09-11 04:53:19,847 - INFO - ✅ 第一階段通過 - 安全帽和護目鏡
2025-09-11 04:53:24,901 - ERROR - 第二階段失敗 - 請檢查手套和安全靴
2025-09-11 04:53:29,957 - ERROR - 第二階段失敗 - 請檢查手套和安全靴
2025-09-11 04:53:35,013 - ERROR - 第二階段失敗 - 請檢查手套和安全靴
2025-09-11 04:53:40,069 - INFO - ✅ 第二階段通過 - 手套和安全靴
2025-09-11 04:53:45,125 - ERROR - 第三階段失敗 - 請檢查防護衣和防護面罩
2025-09-11 04:53:50,159 - ERROR - 第三階段失敗 - 請檢查防護衣和防護面罩
2025-09-11 04:53:55,214 - ERROR - 第三階段失敗 - 請檢查防護衣和防護面罩
2025-09-11 04:54:00,273 - INFO - ✅ 第三階段通過 - 防護衣和防護面罩
2025-09-11 04:54:00,273 - INFO - ✅ 🎉 所有PPE檢測完成！可以進入工作區域
2025-09-11 04:54:30,584 - INFO - 系統重置: 完成檢查30秒後，系統重置
2025-09-11 04:54:50,786 - INFO - 檢測到人員，進入第一階段
2025-09-11 04:54:55,837 - ERROR - 第一階段失敗 - 請檢查安全帽和護目鏡
2025-09-11 04:55:00,891 - ERROR - 第一階段失敗 - 請檢查安全帽和護目鏡
2025-09-11 04:55:05,947 - ERROR - 第一階段失敗 - 請檢查安全帽和護目鏡
2025-09-11 04:55:11,017 - INFO - ✅ 第一階段通過 - 安全帽和護目鏡
2025-09-11 04:55:16,073 - ERROR - 第二階段失敗 - 請檢查手套和安全靴
2025-09-11 04:55:21,120 - ERROR - 第二階段失敗 - 請檢查手套和安全靴
2025-09-11 04:55:26,173 - INFO - ✅ 第二階段通過 - 手套和安全靴
2025-09-11 04:55:31,213 - ERROR - 第三階段失敗 - 請檢查防護衣和防護面罩
2025-09-11 04:55:36,267 - ERROR - 第三階段失敗 - 請檢查防護衣和防護面罩
2025-09-11 04:55:41,315 - ERROR - 第三階段失敗 - 請檢查防護衣和防護面罩
2025-09-11 04:55:46,378 - INFO - ✅ 第三階段通過 - 防護衣和防護面罩
2025-09-11 04:55:46,378 - INFO - ✅ 🎉 所有PPE檢測完成！可以進入工作區域
2025-09-11 04:56:16,686 - INFO - 系統重置: 完成檢查30秒後，系統重置
2025-09-11 04:56:36,907 - INFO - 檢測到人員，進入第一階段
2025-09-11 04:56:41,960 - ERROR - 第一階段失敗 - 請檢查安全帽和護目鏡
2025-09-11 04:56:47,010 - ERROR - 第一階段失敗 - 請檢查安全帽和護目鏡
2025-09-11 04:56:52,042 - ERROR - 第一階段失敗 - 請檢查安全帽和護目鏡
2025-09-11 04:57:37,449 - INFO - PPE檢測系統啟動
2025-09-11 04:57:37,450 - INFO - 檢測到人員，進入第一階段
2025-09-11 04:57:42,535 - INFO - ✅ 第一階段通過 - 安全帽和護目鏡
2025-09-11 04:57:43,722 - INFO - ✅ 第二階段通過 - 手套和安全靴
2025-09-11 04:57:44,818 - INFO - ✅ 第三階段通過 - 防護衣和防護面罩
2025-09-11 04:57:44,818 - INFO - ✅ 🎉 所有PPE檢測完成！可以進入工作區域
2025-09-11 04:58:15,078 - INFO - 系統重置: 完成檢查30秒後，系統重置
2025-09-11 04:58:30,205 - INFO - 檢測到人員，進入第一階段
2025-09-11 04:58:35,246 - ERROR - 第一階段失敗 - 請檢查安全帽和護目鏡
2025-09-11 04:58:40,287 - ERROR - 第一階段失敗 - 請檢查安全帽和護目鏡
2025-09-11 04:58:45,319 - ERROR - 第一階段失敗 - 請檢查安全帽和護目鏡
2025-09-11 04:58:50,361 - INFO - ✅ 第一階段通過 - 安全帽和護目鏡
2025-09-11 04:58:55,402 - ERROR - 第二階段失敗 - 請檢查手套和安全靴
2025-09-11 04:59:00,439 - ERROR - 第二階段失敗 - 請檢查手套和安全靴
2025-09-11 04:59:05,472 - ERROR - 第二階段失敗 - 請檢查手套和安全靴
2025-09-11 04:59:10,515 - INFO - ✅ 第二階段通過 - 手套和安全靴
2025-09-11 04:59:15,556 - ERROR - 第三階段失敗 - 請檢查防護衣和防護面罩
2025-09-11 04:59:20,610 - ERROR - 第三階段失敗 - 請檢查防護衣和防護面罩
2025-09-11 04:59:25,658 - ERROR - 第三階段失敗 - 請檢查防護衣和防護面罩
2025-09-11 04:59:30,702 - INFO - ✅ 第三階段通過 - 防護衣和防護面罩
2025-09-11 04:59:30,702 - INFO - ✅ 🎉 所有PPE檢測完成！可以進入工作區域
2025-09-11 05:00:01,004 - INFO - 系統重置: 完成檢查30秒後，系統重置
2025-09-11 05:00:21,190 - INFO - 檢測到人員，進入第一階段
2025-09-11 05:00:26,244 - ERROR - 第一階段失敗 - 請檢查安全帽和護目鏡
2025-09-11 05:00:31,288 - ERROR - 第一階段失敗 - 請檢查安全帽和護目鏡
2025-09-11 05:00:36,336 - INFO - ✅ 第一階段通過 - 安全帽和護目鏡
2025-09-11 05:00:41,389 - ERROR - 第二階段失敗 - 請檢查手套和安全靴
2025-09-11 05:00:46,441 - ERROR - 第二階段失敗 - 請檢查手套和安全靴
2025-09-11 05:00:51,492 - ERROR - 第二階段失敗 - 請檢查手套和安全靴
2025-09-11 05:00:56,543 - INFO - ✅ 第二階段通過 - 手套和安全靴
2025-09-11 05:01:01,593 - ERROR - 第三階段失敗 - 請檢查防護衣和防護面罩
2025-09-11 05:01:06,647 - ERROR - 第三階段失敗 - 請檢查防護衣和防護面罩
2025-09-11 05:01:11,694 - ERROR - 第三階段失敗 - 請檢查防護衣和防護面罩
2025-09-11 05:01:16,746 - INFO - ✅ 第三階段通過 - 防護衣和防護面罩
2025-09-11 05:01:16,746 - INFO - ✅ 🎉 所有PPE檢測完成！可以進入工作區域
2025-09-11 05:01:47,057 - INFO - 系統重置: 完成檢查30秒後，系統重置
2025-09-11 05:02:07,260 - INFO - 檢測到人員，進入第一階段
2025-09-11 05:02:12,311 - ERROR - 第一階段失敗 - 請檢查安全帽和護目鏡
2025-09-11 05:02:17,365 - ERROR - 第一階段失敗 - 請檢查安全帽和護目鏡
2025-09-11 05:02:22,415 - ERROR - 第一階段失敗 - 請檢查安全帽和護目鏡
2025-09-11 05:02:27,467 - INFO - ✅ 第一階段通過 - 安全帽和護目鏡
2025-09-11 05:02:32,516 - ERROR - 第二階段失敗 - 請檢查手套和安全靴
2025-09-11 05:02:37,568 - ERROR - 第二階段失敗 - 請檢查手套和安全靴
2025-09-11 05:02:42,624 - ERROR - 第二階段失敗 - 請檢查手套和安全靴
2025-09-11 05:02:47,667 - INFO - ✅ 第二階段通過 - 手套和安全靴
2025-09-11 05:02:52,706 - ERROR - 第三階段失敗 - 請檢查防護衣和防護面罩
2025-09-11 05:02:57,760 - ERROR - 第三階段失敗 - 請檢查防護衣和防護面罩
2025-09-11 05:03:02,809 - ERROR - 第三階段失敗 - 請檢查防護衣和防護面罩
2025-09-11 05:03:07,863 - INFO - ✅ 第三階段通過 - 防護衣和防護面罩
2025-09-11 05:03:07,863 - INFO - ✅ 🎉 所有PPE檢測完成！可以進入工作區域
2025-09-11 05:03:38,170 - INFO - 系統重置: 完成檢查30秒後，系統重置
2025-09-11 05:03:58,376 - INFO - 檢測到人員，進入第一階段
2025-09-11 05:04:03,427 - ERROR - 第一階段失敗 - 請檢查安全帽和護目鏡
2025-09-11 05:04:08,476 - ERROR - 第一階段失敗 - 請檢查安全帽和護目鏡
2025-09-11 05:04:13,526 - ERROR - 第一階段失敗 - 請檢查安全帽和護目鏡
2025-09-11 05:04:18,582 - INFO - ✅ 第一階段通過 - 安全帽和護目鏡
2025-09-11 05:04:23,632 - ERROR - 第二階段失敗 - 請檢查手套和安全靴
2025-09-11 05:04:28,685 - ERROR - 第二階段失敗 - 請檢查手套和安全靴
2025-09-11 05:04:33,740 - ERROR - 第二階段失敗 - 請檢查手套和安全靴
2025-09-11 05:04:38,794 - INFO - ✅ 第二階段通過 - 手套和安全靴
2025-09-11 05:04:43,845 - ERROR - 第三階段失敗 - 請檢查防護衣和防護面罩
2025-09-11 05:04:48,898 - ERROR - 第三階段失敗 - 請檢查防護衣和防護面罩
2025-09-11 05:04:53,947 - ERROR - 第三階段失敗 - 請檢查防護衣和防護面罩
2025-09-11 05:04:59,000 - INFO - ✅ 第三階段通過 - 防護衣和防護面罩
2025-09-11 05:04:59,001 - INFO - ✅ 🎉 所有PPE檢測完成！可以進入工作區域
2025-09-11 05:05:29,318 - INFO - 系統重置: 完成檢查30秒後，系統重置
2025-09-11 05:05:49,526 - INFO - 檢測到人員，進入第一階段
2025-09-11 05:05:54,584 - ERROR - 第一階段失敗 - 請檢查安全帽和護目鏡
2025-09-11 05:05:59,642 - ERROR - 第一階段失敗 - 請檢查安全帽和護目鏡
2025-09-11 05:06:04,692 - ERROR - 第一階段失敗 - 請檢查安全帽和護目鏡
2025-09-11 05:06:09,750 - INFO - ✅ 第一階段通過 - 安全帽和護目鏡
2025-09-11 05:06:14,810 - ERROR - 第二階段失敗 - 請檢查手套和安全靴
2025-09-11 05:06:19,854 - ERROR - 第二階段失敗 - 請檢查手套和安全靴
2025-09-11 05:06:24,915 - ERROR - 第二階段失敗 - 請檢查手套和安全靴
2025-09-11 05:06:29,968 - INFO - ✅ 第二階段通過 - 手套和安全靴
2025-09-11 05:06:35,022 - ERROR - 第三階段失敗 - 請檢查防護衣和防護面罩
2025-09-11 05:06:40,070 - ERROR - 第三階段失敗 - 請檢查防護衣和防護面罩
2025-09-11 05:06:45,123 - ERROR - 第三階段失敗 - 請檢查防護衣和防護面罩
2025-09-11 05:06:50,182 - INFO - ✅ 第三階段通過 - 防護衣和防護面罩
2025-09-11 05:06:50,183 - INFO - ✅ 🎉 所有PPE檢測完成！可以進入工作區域
2025-09-11 05:07:20,525 - INFO - 系統重置: 完成檢查30秒後，系統重置
2025-09-11 05:07:40,742 - INFO - 檢測到人員，進入第一階段
2025-09-11 05:07:45,799 - ERROR - 第一階段失敗 - 請檢查安全帽和護目鏡
2025-09-11 05:07:50,854 - ERROR - 第一階段失敗 - 請檢查安全帽和護目鏡
2025-09-11 05:07:55,908 - ERROR - 第一階段失敗 - 請檢查安全帽和護目鏡
2025-09-11 05:08:00,969 - INFO - ✅ 第一階段通過 - 安全帽和護目鏡
2025-09-11 05:08:06,028 - ERROR - 第二階段失敗 - 請檢查手套和安全靴
2025-09-11 05:08:11,086 - ERROR - 第二階段失敗 - 請檢查手套和安全靴
2025-09-11 05:08:16,141 - ERROR - 第二階段失敗 - 請檢查手套和安全靴
2025-09-11 05:08:21,197 - INFO - ✅ 第二階段通過 - 手套和安全靴
2025-09-11 05:08:26,254 - ERROR - 第三階段失敗 - 請檢查防護衣和防護面罩
2025-09-11 05:08:31,309 - ERROR - 第三階段失敗 - 請檢查防護衣和防護面罩
2025-09-11 05:08:36,369 - ERROR - 第三階段失敗 - 請檢查防護衣和防護面罩
2025-09-11 05:08:41,419 - INFO - ✅ 第三階段通過 - 防護衣和防護面罩
2025-09-11 05:08:41,419 - INFO - ✅ 🎉 所有PPE檢測完成！可以進入工作區域
2025-09-11 05:09:11,764 - INFO - 系統重置: 完成檢查30秒後，系統重置
2025-09-11 05:09:26,936 - INFO - 檢測到人員，進入第一階段
2025-09-11 05:09:31,995 - ERROR - 第一階段失敗 - 請檢查安全帽和護目鏡
2025-09-11 05:09:37,049 - ERROR - 第一階段失敗 - 請檢查安全帽和護目鏡
2025-09-11 05:09:42,104 - ERROR - 第一階段失敗 - 請檢查安全帽和護目鏡
2025-09-11 05:09:47,163 - INFO - ✅ 第一階段通過 - 安全帽和護目鏡
2025-09-11 05:09:52,219 - ERROR - 第二階段失敗 - 請檢查手套和安全靴
2025-09-11 05:09:57,273 - ERROR - 第二階段失敗 - 請檢查手套和安全靴
2025-09-11 05:10:02,333 - ERROR - 第二階段失敗 - 請檢查手套和安全靴
2025-09-11 05:10:07,393 - INFO - ✅ 第二階段通過 - 手套和安全靴
2025-09-11 05:10:12,451 - ERROR - 第三階段失敗 - 請檢查防護衣和防護面罩
2025-09-11 05:10:17,500 - ERROR - 第三階段失敗 - 請檢查防護衣和防護面罩
2025-09-11 05:10:22,562 - ERROR - 第三階段失敗 - 請檢查防護衣和防護面罩
2025-09-11 05:10:27,615 - INFO - ✅ 第三階段通過 - 防護衣和防護面罩
2025-09-11 05:10:27,615 - INFO - ✅ 🎉 所有PPE檢測完成！可以進入工作區域
2025-09-11 05:10:57,945 - INFO - 系統重置: 完成檢查30秒後，系統重置
2025-09-11 05:11:18,165 - INFO - 檢測到人員，進入第一階段
2025-09-11 05:11:23,224 - ERROR - 第一階段失敗 - 請檢查安全帽和護目鏡
2025-09-11 05:11:28,273 - ERROR - 第一階段失敗 - 請檢查安全帽和護目鏡
2025-09-11 05:11:33,337 - ERROR - 第一階段失敗 - 請檢查安全帽和護目鏡
2025-09-11 05:11:38,392 - INFO - ✅ 第一階段通過 - 安全帽和護目鏡
2025-09-11 05:11:43,454 - ERROR - 第二階段失敗 - 請檢查手套和安全靴
2025-09-11 05:11:48,515 - ERROR - 第二階段失敗 - 請檢查手套和安全靴
2025-09-11 05:11:53,571 - ERROR - 第二階段失敗 - 請檢查手套和安全靴
2025-09-11 05:11:58,628 - INFO - ✅ 第二階段通過 - 手套和安全靴
2025-09-11 05:12:03,692 - ERROR - 第三階段失敗 - 請檢查防護衣和防護面罩
2025-09-11 05:12:08,748 - ERROR - 第三階段失敗 - 請檢查防護衣和防護面罩
2025-09-11 05:12:13,806 - ERROR - 第三階段失敗 - 請檢查防護衣和防護面罩
2025-09-11 05:12:18,862 - INFO - ✅ 第三階段通過 - 防護衣和防護面罩
2025-09-11 05:12:18,862 - INFO - ✅ 🎉 所有PPE檢測完成！可以進入工作區域
2025-09-11 05:12:49,209 - INFO - 系統重置: 完成檢查30秒後，系統重置
2025-09-11 05:13:09,430 - INFO - 檢測到人員，進入第一階段
2025-09-11 05:13:14,474 - ERROR - 第一階段失敗 - 請檢查安全帽和護目鏡
2025-09-11 05:13:19,536 - ERROR - 第一階段失敗 - 請檢查安全帽和護目鏡
2025-09-11 05:13:24,592 - ERROR - 第一階段失敗 - 請檢查安全帽和護目鏡
2025-09-11 05:13:29,645 - INFO - ✅ 第一階段通過 - 安全帽和護目鏡
2025-09-11 05:13:34,699 - ERROR - 第二階段失敗 - 請檢查手套和安全靴
2025-09-11 05:13:39,752 - ERROR - 第二階段失敗 - 請檢查手套和安全靴
2025-09-11 05:13:44,813 - ERROR - 第二階段失敗 - 請檢查手套和安全靴
2025-09-11 05:13:49,864 - INFO - ✅ 第二階段通過 - 手套和安全靴
2025-09-11 05:13:54,925 - ERROR - 第三階段失敗 - 請檢查防護衣和防護面罩
2025-09-11 05:13:59,981 - ERROR - 第三階段失敗 - 請檢查防護衣和防護面罩
2025-09-11 05:14:05,040 - ERROR - 第三階段失敗 - 請檢查防護衣和防護面罩
2025-09-11 05:14:10,095 - INFO - ✅ 第三階段通過 - 防護衣和防護面罩
2025-09-11 05:14:10,095 - INFO - ✅ 🎉 所有PPE檢測完成！可以進入工作區域
2025-09-11 05:14:40,445 - INFO - 系統重置: 完成檢查30秒後，系統重置
2025-09-11 05:15:00,680 - INFO - 檢測到人員，進入第一階段
2025-09-11 05:15:05,729 - ERROR - 第一階段失敗 - 請檢查安全帽和護目鏡
2025-09-11 05:15:10,785 - ERROR - 第一階段失敗 - 請檢查安全帽和護目鏡
2025-09-11 05:15:15,842 - ERROR - 第一階段失敗 - 請檢查安全帽和護目鏡
2025-09-11 05:15:20,898 - INFO - ✅ 第一階段通過 - 安全帽和護目鏡
2025-09-11 05:15:25,958 - ERROR - 第二階段失敗 - 請檢查手套和安全靴
2025-09-11 05:15:31,005 - ERROR - 第二階段失敗 - 請檢查手套和安全靴
2025-09-11 05:15:36,068 - ERROR - 第二階段失敗 - 請檢查手套和安全靴
2025-09-11 05:15:41,123 - INFO - ✅ 第二階段通過 - 手套和安全靴
2025-09-11 05:15:46,185 - ERROR - 第三階段失敗 - 請檢查防護衣和防護面罩
2025-09-11 05:15:49,124 - ERROR - 第三階段失敗 - 請檢查防護衣和防護面罩
2025-09-11 05:15:54,172 - ERROR - 第三階段失敗 - 請檢查防護衣和防護面罩
2025-09-11 05:16:27,807 - INFO - ✅ 第三階段通過 - 防護衣和防護面罩
2025-09-11 05:16:27,807 - INFO - ✅ 🎉 所有PPE檢測完成！可以進入工作區域
2025-09-11 05:16:58,138 - INFO - 系統重置: 完成檢查30秒後，系統重置
2025-09-11 05:24:47,562 - INFO - 檢測到人員，進入第一階段
2025-09-11 05:24:52,618 - ERROR - 第一階段失敗 - 請檢查安全帽和護目鏡
2025-09-11 05:24:57,673 - ERROR - 第一階段失敗 - 請檢查安全帽和護目鏡
2025-09-11 05:25:02,716 - ERROR - 第一階段失敗 - 請檢查安全帽和護目鏡
2025-09-11 05:25:07,857 - INFO - ✅ 第一階段通過 - 安全帽和護目鏡
2025-09-11 05:25:12,911 - ERROR - 第二階段失敗 - 請檢查手套和安全靴
2025-09-11 05:25:17,959 - ERROR - 第二階段失敗 - 請檢查手套和安全靴
2025-09-11 05:25:23,012 - ERROR - 第二階段失敗 - 請檢查手套和安全靴
2025-09-11 05:25:28,064 - INFO - ✅ 第二階段通過 - 手套和安全靴
2025-09-11 05:25:33,108 - ERROR - 第三階段失敗 - 請檢查防護衣和防護面罩
2025-09-11 05:25:38,165 - ERROR - 第三階段失敗 - 請檢查防護衣和防護面罩
2025-09-11 05:25:43,218 - ERROR - 第三階段失敗 - 請檢查防護衣和防護面罩
2025-09-11 05:25:48,272 - INFO - ✅ 第三階段通過 - 防護衣和防護面罩
2025-09-11 05:25:48,272 - INFO - ✅ 🎉 所有PPE檢測完成！可以進入工作區域
2025-09-11 05:26:18,592 - INFO - 系統重置: 完成檢查30秒後，系統重置
2025-09-11 05:26:38,800 - INFO - 檢測到人員，進入第一階段
2025-09-11 05:26:43,855 - ERROR - 第一階段失敗 - 請檢查安全帽和護目鏡
2025-09-11 05:26:48,905 - ERROR - 第一階段失敗 - 請檢查安全帽和護目鏡
2025-09-11 05:26:53,946 - ERROR - 第一階段失敗 - 請檢查安全帽和護目鏡
2025-09-11 05:26:58,994 - INFO - ✅ 第一階段通過 - 安全帽和護目鏡
2025-09-11 05:27:04,044 - ERROR - 第二階段失敗 - 請檢查手套和安全靴
2025-09-11 05:27:09,088 - ERROR - 第二階段失敗 - 請檢查手套和安全靴
2025-09-11 05:27:14,131 - ERROR - 第二階段失敗 - 請檢查手套和安全靴
2025-09-11 05:27:19,181 - INFO - ✅ 第二階段通過 - 手套和安全靴
2025-09-11 05:27:24,232 - ERROR - 第三階段失敗 - 請檢查防護衣和防護面罩
2025-09-11 05:27:29,275 - ERROR - 第三階段失敗 - 請檢查防護衣和防護面罩
2025-09-11 05:27:34,314 - ERROR - 第三階段失敗 - 請檢查防護衣和防護面罩
2025-09-11 05:27:39,351 - INFO - ✅ 第三階段通過 - 防護衣和防護面罩
2025-09-11 05:27:39,351 - INFO - ✅ 🎉 所有PPE檢測完成！可以進入工作區域
2025-09-11 05:28:09,616 - INFO - 系統重置: 完成檢查30秒後，系統重置
2025-09-11 05:28:29,783 - INFO - 檢測到人員，進入第一階段
2025-09-11 05:28:34,825 - ERROR - 第一階段失敗 - 請檢查安全帽和護目鏡
2025-09-11 05:28:39,856 - ERROR - 第一階段失敗 - 請檢查安全帽和護目鏡
2025-09-11 05:28:44,896 - ERROR - 第一階段失敗 - 請檢查安全帽和護目鏡
2025-09-11 05:28:49,928 - INFO - ✅ 第一階段通過 - 安全帽和護目鏡
2025-09-11 05:28:54,963 - ERROR - 第二階段失敗 - 請檢查手套和安全靴
2025-09-11 05:29:00,008 - ERROR - 第二階段失敗 - 請檢查手套和安全靴
2025-09-11 05:29:05,043 - ERROR - 第二階段失敗 - 請檢查手套和安全靴
2025-09-11 05:29:10,082 - INFO - ✅ 第二階段通過 - 手套和安全靴
2025-09-11 05:29:15,123 - ERROR - 第三階段失敗 - 請檢查防護衣和防護面罩
2025-09-11 05:29:20,158 - ERROR - 第三階段失敗 - 請檢查防護衣和防護面罩
2025-09-11 05:29:25,204 - INFO - ✅ 第三階段通過 - 防護衣和防護面罩
2025-09-11 05:29:25,204 - INFO - ✅ 🎉 所有PPE檢測完成！可以進入工作區域
2025-09-11 05:29:55,441 - INFO - 系統重置: 完成檢查30秒後，系統重置
2025-09-11 05:30:15,652 - INFO - 檢測到人員，進入第一階段
2025-09-11 05:30:20,704 - ERROR - 第一階段失敗 - 請檢查安全帽和護目鏡
2025-09-11 05:30:25,756 - ERROR - 第一階段失敗 - 請檢查安全帽和護目鏡
2025-09-11 05:30:30,794 - ERROR - 第一階段失敗 - 請檢查安全帽和護目鏡
2025-09-11 05:30:35,839 - INFO - ✅ 第一階段通過 - 安全帽和護目鏡
2025-09-11 05:30:40,882 - ERROR - 第二階段失敗 - 請檢查手套和安全靴
2025-09-11 05:30:45,934 - ERROR - 第二階段失敗 - 請檢查手套和安全靴
2025-09-11 05:30:50,978 - ERROR - 第二階段失敗 - 請檢查手套和安全靴
2025-09-11 05:30:56,030 - INFO - ✅ 第二階段通過 - 手套和安全靴
2025-09-11 05:31:01,086 - ERROR - 第三階段失敗 - 請檢查防護衣和防護面罩
2025-09-11 05:31:06,130 - ERROR - 第三階段失敗 - 請檢查防護衣和防護面罩
2025-09-11 05:31:11,183 - ERROR - 第三階段失敗 - 請檢查防護衣和防護面罩
2025-09-11 05:31:16,229 - INFO - ✅ 第三階段通過 - 防護衣和防護面罩
2025-09-11 05:31:16,229 - INFO - ✅ 🎉 所有PPE檢測完成！可以進入工作區域
2025-09-11 05:31:46,491 - INFO - 系統重置: 完成檢查30秒後，系統重置
2025-09-11 05:32:06,651 - INFO - 檢測到人員，進入第一階段
2025-09-11 05:32:11,693 - ERROR - 第一階段失敗 - 請檢查安全帽和護目鏡
2025-09-11 05:32:16,729 - ERROR - 第一階段失敗 - 請檢查安全帽和護目鏡
2025-09-11 05:32:21,767 - ERROR - 第一階段失敗 - 請檢查安全帽和護目鏡
2025-09-11 05:32:26,812 - INFO - ✅ 第一階段通過 - 安全帽和護目鏡
2025-09-11 05:32:31,856 - ERROR - 第二階段失敗 - 請檢查手套和安全靴
2025-09-11 05:32:36,900 - ERROR - 第二階段失敗 - 請檢查手套和安全靴
2025-09-11 05:32:41,955 - ERROR - 第二階段失敗 - 請檢查手套和安全靴
2025-09-11 05:32:47,004 - INFO - ✅ 第二階段通過 - 手套和安全靴
2025-09-11 05:32:52,048 - ERROR - 第三階段失敗 - 請檢查防護衣和防護面罩
2025-09-11 05:32:57,082 - ERROR - 第三階段失敗 - 請檢查防護衣和防護面罩
2025-09-11 05:33:02,121 - ERROR - 第三階段失敗 - 請檢查防護衣和防護面罩
2025-09-11 05:33:07,155 - INFO - ✅ 第三階段通過 - 防護衣和防護面罩
2025-09-11 05:33:07,155 - INFO - ✅ 🎉 所有PPE檢測完成！可以進入工作區域
2025-09-11 05:33:37,397 - INFO - 系統重置: 完成檢查30秒後，系統重置
2025-09-11 05:33:57,569 - INFO - 檢測到人員，進入第一階段
2025-09-11 05:34:02,620 - ERROR - 第一階段失敗 - 請檢查安全帽和護目鏡
2025-09-11 05:34:07,664 - ERROR - 第一階段失敗 - 請檢查安全帽和護目鏡
2025-09-11 05:34:12,721 - ERROR - 第一階段失敗 - 請檢查安全帽和護目鏡
2025-09-11 05:34:17,775 - INFO - ✅ 第一階段通過 - 安全帽和護目鏡
2025-09-11 05:34:22,802 - ERROR - 第二階段失敗 - 請檢查手套和安全靴
2025-09-11 05:34:27,835 - ERROR - 第二階段失敗 - 請檢查手套和安全靴
2025-09-11 05:34:32,886 - ERROR - 第二階段失敗 - 請檢查手套和安全靴
2025-09-11 05:34:37,938 - INFO - ✅ 第二階段通過 - 手套和安全靴
2025-09-11 05:34:42,976 - ERROR - 第三階段失敗 - 請檢查防護衣和防護面罩
2025-09-11 05:34:48,013 - ERROR - 第三階段失敗 - 請檢查防護衣和防護面罩
2025-09-11 05:34:53,056 - ERROR - 第三階段失敗 - 請檢查防護衣和防護面罩
2025-09-11 05:34:58,107 - INFO - ✅ 第三階段通過 - 防護衣和防護面罩
2025-09-11 05:34:58,107 - INFO - ✅ 🎉 所有PPE檢測完成！可以進入工作區域
2025-09-11 05:35:28,344 - INFO - 系統重置: 完成檢查30秒後，系統重置
2025-09-11 05:35:48,484 - INFO - 檢測到人員，進入第一階段
2025-09-11 05:35:53,527 - ERROR - 第一階段失敗 - 請檢查安全帽和護目鏡
2025-09-11 05:35:58,570 - ERROR - 第一階段失敗 - 請檢查安全帽和護目鏡
2025-09-11 05:36:03,612 - ERROR - 第一階段失敗 - 請檢查安全帽和護目鏡
2025-09-11 05:36:08,651 - INFO - ✅ 第一階段通過 - 安全帽和護目鏡
2025-09-11 05:36:13,700 - ERROR - 第二階段失敗 - 請檢查手套和安全靴
2025-09-11 05:36:18,751 - ERROR - 第二階段失敗 - 請檢查手套和安全靴
2025-09-11 05:36:23,789 - ERROR - 第二階段失敗 - 請檢查手套和安全靴
2025-09-11 05:36:28,831 - INFO - ✅ 第二階段通過 - 手套和安全靴
2025-09-11 05:36:33,875 - ERROR - 第三階段失敗 - 請檢查防護衣和防護面罩
2025-09-11 05:36:38,918 - ERROR - 第三階段失敗 - 請檢查防護衣和防護面罩
2025-09-11 05:36:43,955 - ERROR - 第三階段失敗 - 請檢查防護衣和防護面罩
2025-09-11 05:36:48,990 - INFO - ✅ 第三階段通過 - 防護衣和防護面罩
2025-09-11 05:36:48,990 - INFO - ✅ 🎉 所有PPE檢測完成！可以進入工作區域
2025-09-11 05:37:19,247 - INFO - 系統重置: 完成檢查30秒後，系統重置
2025-09-11 05:37:39,396 - INFO - 檢測到人員，進入第一階段
2025-09-11 05:37:44,428 - ERROR - 第一階段失敗 - 請檢查安全帽和護目鏡
2025-09-11 05:37:49,457 - ERROR - 第一階段失敗 - 請檢查安全帽和護目鏡
2025-09-11 05:37:54,502 - ERROR - 第一階段失敗 - 請檢查安全帽和護目鏡
2025-09-11 05:37:59,544 - INFO - ✅ 第一階段通過 - 安全帽和護目鏡
2025-09-11 05:38:04,578 - ERROR - 第二階段失敗 - 請檢查手套和安全靴
2025-09-11 05:38:09,612 - ERROR - 第二階段失敗 - 請檢查手套和安全靴
2025-09-11 05:38:14,641 - ERROR - 第二階段失敗 - 請檢查手套和安全靴
2025-09-11 05:38:19,680 - INFO - ✅ 第二階段通過 - 手套和安全靴
2025-09-11 05:38:24,719 - ERROR - 第三階段失敗 - 請檢查防護衣和防護面罩
2025-09-11 05:38:29,762 - ERROR - 第三階段失敗 - 請檢查防護衣和防護面罩
2025-09-11 05:38:34,792 - ERROR - 第三階段失敗 - 請檢查防護衣和防護面罩
2025-09-11 05:38:39,835 - INFO - ✅ 第三階段通過 - 防護衣和防護面罩
2025-09-11 05:38:39,836 - INFO - ✅ 🎉 所有PPE檢測完成！可以進入工作區域
2025-09-11 05:39:10,074 - INFO - 系統重置: 完成檢查30秒後，系統重置
2025-09-11 05:39:30,259 - INFO - 檢測到人員，進入第一階段
2025-09-11 05:39:35,295 - ERROR - 第一階段失敗 - 請檢查安全帽和護目鏡
2025-09-11 05:39:40,344 - ERROR - 第一階段失敗 - 請檢查安全帽和護目鏡
2025-09-11 05:39:45,377 - ERROR - 第一階段失敗 - 請檢查安全帽和護目鏡
2025-09-11 05:39:50,420 - INFO - ✅ 第一階段通過 - 安全帽和護目鏡
2025-09-11 05:39:55,463 - ERROR - 第二階段失敗 - 請檢查手套和安全靴
2025-09-11 05:40:00,506 - ERROR - 第二階段失敗 - 請檢查手套和安全靴
2025-09-11 05:40:05,551 - INFO - ✅ 第二階段通過 - 手套和安全靴
2025-09-11 05:40:10,592 - ERROR - 第三階段失敗 - 請檢查防護衣和防護面罩
2025-09-11 05:40:15,638 - ERROR - 第三階段失敗 - 請檢查防護衣和防護面罩
2025-09-11 05:40:20,680 - ERROR - 第三階段失敗 - 請檢查防護衣和防護面罩
2025-09-11 05:40:25,715 - INFO - ✅ 第三階段通過 - 防護衣和防護面罩
2025-09-11 05:40:25,715 - INFO - ✅ 🎉 所有PPE檢測完成！可以進入工作區域
2025-09-11 05:40:55,936 - INFO - 系統重置: 完成檢查30秒後，系統重置
2025-09-11 05:41:16,084 - INFO - 檢測到人員，進入第一階段
2025-09-11 05:41:21,119 - ERROR - 第一階段失敗 - 請檢查安全帽和護目鏡
2025-09-11 05:41:26,162 - ERROR - 第一階段失敗 - 請檢查安全帽和護目鏡
2025-09-11 05:41:31,205 - ERROR - 第一階段失敗 - 請檢查安全帽和護目鏡
2025-09-11 05:41:36,249 - INFO - ✅ 第一階段通過 - 安全帽和護目鏡
2025-09-11 05:41:41,282 - ERROR - 第二階段失敗 - 請檢查手套和安全靴
2025-09-11 05:41:46,309 - ERROR - 第二階段失敗 - 請檢查手套和安全靴
2025-09-11 05:41:51,354 - ERROR - 第二階段失敗 - 請檢查手套和安全靴
2025-09-11 05:41:56,397 - INFO - ✅ 第二階段通過 - 手套和安全靴
2025-09-11 05:42:01,440 - ERROR - 第三階段失敗 - 請檢查防護衣和防護面罩
2025-09-11 05:42:06,484 - ERROR - 第三階段失敗 - 請檢查防護衣和防護面罩
2025-09-11 05:42:11,528 - ERROR - 第三階段失敗 - 請檢查防護衣和防護面罩
2025-09-11 05:42:16,570 - INFO - ✅ 第三階段通過 - 防護衣和防護面罩
2025-09-11 05:42:16,570 - INFO - ✅ 🎉 所有PPE檢測完成！可以進入工作區域
2025-09-11 05:42:46,805 - INFO - 系統重置: 完成檢查30秒後，系統重置
2025-09-11 05:43:06,980 - INFO - 檢測到人員，進入第一階段
2025-09-11 05:43:12,032 - ERROR - 第一階段失敗 - 請檢查安全帽和護目鏡
2025-09-11 05:43:17,068 - ERROR - 第一階段失敗 - 請檢查安全帽和護目鏡
2025-09-11 05:43:22,107 - ERROR - 第一階段失敗 - 請檢查安全帽和護目鏡
2025-09-11 05:43:27,148 - INFO - ✅ 第一階段通過 - 安全帽和護目鏡
2025-09-11 05:43:32,205 - ERROR - 第二階段失敗 - 請檢查手套和安全靴
2025-09-11 05:43:37,249 - ERROR - 第二階段失敗 - 請檢查手套和安全靴
2025-09-11 05:43:42,292 - ERROR - 第二階段失敗 - 請檢查手套和安全靴
2025-09-11 05:43:47,332 - INFO - ✅ 第二階段通過 - 手套和安全靴
2025-09-11 05:43:52,382 - ERROR - 第三階段失敗 - 請檢查防護衣和防護面罩
2025-09-11 05:43:57,435 - ERROR - 第三階段失敗 - 請檢查防護衣和防護面罩
2025-09-11 05:44:02,460 - ERROR - 第三階段失敗 - 請檢查防護衣和防護面罩
2025-09-11 05:44:07,497 - INFO - ✅ 第三階段通過 - 防護衣和防護面罩
2025-09-11 05:44:07,497 - INFO - ✅ 🎉 所有PPE檢測完成！可以進入工作區域
2025-09-11 05:44:37,753 - INFO - 系統重置: 完成檢查30秒後，系統重置
2025-09-11 05:44:57,902 - INFO - 檢測到人員，進入第一階段
2025-09-11 05:45:02,945 - ERROR - 第一階段失敗 - 請檢查安全帽和護目鏡
2025-09-11 05:45:07,980 - ERROR - 第一階段失敗 - 請檢查安全帽和護目鏡
2025-09-11 05:45:13,022 - ERROR - 第一階段失敗 - 請檢查安全帽和護目鏡
2025-09-11 05:45:18,056 - INFO - ✅ 第一階段通過 - 安全帽和護目鏡
2025-09-11 05:45:23,089 - ERROR - 第二階段失敗 - 請檢查手套和安全靴
2025-09-11 05:45:28,124 - ERROR - 第二階段失敗 - 請檢查手套和安全靴
2025-09-11 05:45:33,166 - ERROR - 第二階段失敗 - 請檢查手套和安全靴
2025-09-11 05:45:38,208 - INFO - ✅ 第二階段通過 - 手套和安全靴
2025-09-11 05:45:43,252 - ERROR - 第三階段失敗 - 請檢查防護衣和防護面罩
2025-09-11 05:45:48,273 - ERROR - 第三階段失敗 - 請檢查防護衣和防護面罩
2025-09-11 05:45:53,320 - ERROR - 第三階段失敗 - 請檢查防護衣和防護面罩
2025-09-11 05:45:58,376 - INFO - ✅ 第三階段通過 - 防護衣和防護面罩
2025-09-11 05:45:58,376 - INFO - ✅ 🎉 所有PPE檢測完成！可以進入工作區域
2025-09-11 05:46:28,692 - INFO - 系統重置: 完成檢查30秒後，系統重置
2025-09-11 05:46:48,838 - INFO - 檢測到人員，進入第一階段
2025-09-11 05:46:53,874 - ERROR - 第一階段失敗 - 請檢查安全帽和護目鏡
2025-09-11 05:46:58,920 - ERROR - 第一階段失敗 - 請檢查安全帽和護目鏡
2025-09-11 05:47:03,952 - ERROR - 第一階段失敗 - 請檢查安全帽和護目鏡
2025-09-11 05:47:08,983 - INFO - ✅ 第一階段通過 - 安全帽和護目鏡
2025-09-11 05:47:14,026 - ERROR - 第二階段失敗 - 請檢查手套和安全靴
2025-09-11 05:47:19,056 - ERROR - 第二階段失敗 - 請檢查手套和安全靴
2025-09-11 05:47:24,081 - ERROR - 第二階段失敗 - 請檢查手套和安全靴
2025-09-11 05:47:29,123 - INFO - ✅ 第二階段通過 - 手套和安全靴
2025-09-11 05:47:34,158 - ERROR - 第三階段失敗 - 請檢查防護衣和防護面罩
2025-09-11 05:47:39,193 - ERROR - 第三階段失敗 - 請檢查防護衣和防護面罩
2025-09-11 05:47:44,220 - ERROR - 第三階段失敗 - 請檢查防護衣和防護面罩
2025-09-11 05:47:49,253 - INFO - ✅ 第三階段通過 - 防護衣和防護面罩
2025-09-11 05:47:49,253 - INFO - ✅ 🎉 所有PPE檢測完成！可以進入工作區域
2025-09-11 05:48:19,519 - INFO - 系統重置: 完成檢查30秒後，系統重置
2025-09-11 05:48:39,671 - INFO - 檢測到人員，進入第一階段
2025-09-11 05:48:44,713 - ERROR - 第一階段失敗 - 請檢查安全帽和護目鏡
2025-09-11 05:48:49,754 - ERROR - 第一階段失敗 - 請檢查安全帽和護目鏡
2025-09-11 05:48:54,790 - ERROR - 第一階段失敗 - 請檢查安全帽和護目鏡
2025-09-11 05:48:59,832 - INFO - ✅ 第一階段通過 - 安全帽和護目鏡
2025-09-11 05:49:04,870 - ERROR - 第二階段失敗 - 請檢查手套和安全靴
2025-09-11 05:49:09,919 - ERROR - 第二階段失敗 - 請檢查手套和安全靴
2025-09-11 05:49:14,967 - ERROR - 第二階段失敗 - 請檢查手套和安全靴
2025-09-11 05:49:20,010 - INFO - ✅ 第二階段通過 - 手套和安全靴
2025-09-11 05:49:25,055 - ERROR - 第三階段失敗 - 請檢查防護衣和防護面罩
2025-09-11 05:49:30,089 - ERROR - 第三階段失敗 - 請檢查防護衣和防護面罩
2025-09-11 05:49:35,121 - ERROR - 第三階段失敗 - 請檢查防護衣和防護面罩
2025-09-11 05:49:40,166 - INFO - ✅ 第三階段通過 - 防護衣和防護面罩
2025-09-11 05:49:40,167 - INFO - ✅ 🎉 所有PPE檢測完成！可以進入工作區域
2025-09-11 05:50:10,401 - INFO - 系統重置: 完成檢查30秒後，系統重置
2025-09-11 05:50:30,590 - INFO - 檢測到人員，進入第一階段
2025-09-11 05:50:35,646 - ERROR - 第一階段失敗 - 請檢查安全帽和護目鏡
2025-09-11 05:50:40,698 - ERROR - 第一階段失敗 - 請檢查安全帽和護目鏡
2025-09-11 05:50:45,754 - ERROR - 第一階段失敗 - 請檢查安全帽和護目鏡
2025-09-11 05:50:50,815 - INFO - ✅ 第一階段通過 - 安全帽和護目鏡
2025-09-11 05:50:55,869 - ERROR - 第二階段失敗 - 請檢查手套和安全靴
2025-09-11 05:51:00,919 - ERROR - 第二階段失敗 - 請檢查手套和安全靴
2025-09-11 05:51:05,975 - INFO - ✅ 第二階段通過 - 手套和安全靴
2025-09-11 05:51:11,029 - ERROR - 第三階段失敗 - 請檢查防護衣和防護面罩
2025-09-11 05:51:16,082 - ERROR - 第三階段失敗 - 請檢查防護衣和防護面罩
2025-09-11 05:51:21,115 - ERROR - 第三階段失敗 - 請檢查防護衣和防護面罩
2025-09-11 05:51:26,170 - INFO - ✅ 第三階段通過 - 防護衣和防護面罩
2025-09-11 05:51:26,170 - INFO - ✅ 🎉 所有PPE檢測完成！可以進入工作區域
2025-09-11 05:51:56,443 - INFO - 系統重置: 完成檢查30秒後，系統重置
2025-09-11 05:52:16,594 - INFO - 檢測到人員，進入第一階段
2025-09-11 05:52:21,637 - ERROR - 第一階段失敗 - 請檢查安全帽和護目鏡
2025-09-11 05:52:26,673 - ERROR - 第一階段失敗 - 請檢查安全帽和護目鏡
2025-09-11 05:52:31,702 - ERROR - 第一階段失敗 - 請檢查安全帽和護目鏡
2025-09-11 05:52:36,740 - INFO - ✅ 第一階段通過 - 安全帽和護目鏡
2025-09-11 05:52:41,778 - ERROR - 第二階段失敗 - 請檢查手套和安全靴
2025-09-11 05:52:46,817 - ERROR - 第二階段失敗 - 請檢查手套和安全靴
2025-09-11 05:52:51,854 - ERROR - 第二階段失敗 - 請檢查手套和安全靴
2025-09-11 05:52:56,895 - INFO - ✅ 第二階段通過 - 手套和安全靴
2025-09-11 05:53:01,939 - ERROR - 第三階段失敗 - 請檢查防護衣和防護面罩
2025-09-11 05:53:06,981 - ERROR - 第三階段失敗 - 請檢查防護衣和防護面罩
2025-09-11 05:53:12,016 - ERROR - 第三階段失敗 - 請檢查防護衣和防護面罩
2025-09-11 05:53:17,060 - INFO - ✅ 第三階段通過 - 防護衣和防護面罩
2025-09-11 05:53:17,060 - INFO - ✅ 🎉 所有PPE檢測完成！可以進入工作區域
2025-09-11 05:53:47,310 - INFO - 系統重置: 完成檢查30秒後，系統重置
2025-09-11 05:54:07,474 - INFO - 檢測到人員，進入第一階段
2025-09-11 05:54:12,515 - ERROR - 第一階段失敗 - 請檢查安全帽和護目鏡
2025-09-11 05:54:17,560 - ERROR - 第一階段失敗 - 請檢查安全帽和護目鏡
2025-09-11 05:54:22,612 - ERROR - 第一階段失敗 - 請檢查安全帽和護目鏡
2025-09-11 05:54:27,667 - INFO - ✅ 第一階段通過 - 安全帽和護目鏡
2025-09-11 05:54:32,717 - ERROR - 第二階段失敗 - 請檢查手套和安全靴
2025-09-11 05:54:37,765 - ERROR - 第二階段失敗 - 請檢查手套和安全靴
2025-09-11 05:54:42,814 - ERROR - 第二階段失敗 - 請檢查手套和安全靴
2025-09-11 05:54:47,851 - INFO - ✅ 第二階段通過 - 手套和安全靴
2025-09-11 05:54:52,890 - ERROR - 第三階段失敗 - 請檢查防護衣和防護面罩
2025-09-11 05:54:57,930 - ERROR - 第三階段失敗 - 請檢查防護衣和防護面罩
2025-09-11 05:55:02,972 - ERROR - 第三階段失敗 - 請檢查防護衣和防護面罩
2025-09-11 05:55:08,016 - INFO - ✅ 第三階段通過 - 防護衣和防護面罩
2025-09-11 05:55:08,016 - INFO - ✅ 🎉 所有PPE檢測完成！可以進入工作區域
2025-09-11 05:55:38,241 - INFO - 系統重置: 完成檢查30秒後，系統重置
2025-09-11 05:55:58,400 - INFO - 檢測到人員，進入第一階段
2025-09-11 05:56:03,437 - ERROR - 第一階段失敗 - 請檢查安全帽和護目鏡
2025-09-11 05:56:08,492 - ERROR - 第一階段失敗 - 請檢查安全帽和護目鏡
2025-09-11 05:56:13,544 - ERROR - 第一階段失敗 - 請檢查安全帽和護目鏡
2025-09-11 05:56:18,599 - INFO - ✅ 第一階段通過 - 安全帽和護目鏡
2025-09-11 05:56:23,650 - ERROR - 第二階段失敗 - 請檢查手套和安全靴
2025-09-11 05:56:28,703 - ERROR - 第二階段失敗 - 請檢查手套和安全靴
2025-09-11 05:56:33,753 - ERROR - 第二階段失敗 - 請檢查手套和安全靴
2025-09-11 05:56:38,808 - INFO - ✅ 第二階段通過 - 手套和安全靴
2025-09-11 05:56:43,861 - ERROR - 第三階段失敗 - 請檢查防護衣和防護面罩
2025-09-11 05:56:48,916 - ERROR - 第三階段失敗 - 請檢查防護衣和防護面罩
2025-09-11 05:56:53,970 - ERROR - 第三階段失敗 - 請檢查防護衣和防護面罩
2025-09-11 05:56:59,011 - INFO - ✅ 第三階段通過 - 防護衣和防護面罩
2025-09-11 05:56:59,011 - INFO - ✅ 🎉 所有PPE檢測完成！可以進入工作區域
2025-09-11 05:57:29,234 - INFO - 系統重置: 完成檢查30秒後，系統重置
